# JRE version: OpenJDK Runtime Environment (18.0.1.1+2) (build 18.0.1.1+2-6)
# Java VM: OpenJDK 64-Bit Server VM (18.0.1.1+2-6, mixed mode, sharing, tiered, compressed oops, compressed class ptrs, g1 gc, windows-amd64)
GC Precious Log:
 CardTable entry size: 512
 Card Set container configuration: InlinePtr #cards 5 size 8 Array Of Cards #cards 12 size 40 Howl #buckets 4 coarsen threshold 1843 Howl Bitmap #cards 512 size 80 coarsen threshold 460 Card regions per heap region 1 cards per card region 2048
 CPUs: 8 total, 8 available
 Memory: 7883M
 Large Page Support: Disabled
 NUMA Support: Disabled
 Compressed Oops: Enabled (32-bit)
 Heap Region Size: 1M
 Heap Min Capacity: 8M
 Heap Initial Capacity: 124M
 Heap Max Capacity: 1972M
 Pre-touch: Disabled
 Parallel Workers: 8
 Concurrent Workers: 2
 Concurrent Refinement Workers: 8
 Periodic GC: Disabled
Heap:
 garbage-first heap   total 61440K, used 42671K [0x0000000084c00000, 0x0000000100000000)
  region size 1024K, 26 young (26624K), 4 survivors (4096K)
 Metaspace       used 49460K, committed 49984K, reserved 1114112K
  class space    used 6642K, committed 6912K, reserved 1048576K
GC Heap History (16 events):
Event: 1.658 GC heap before
{Heap before GC invocations=0 (full 0):
 garbage-first heap   total 126976K, used 23552K [0x0000000084c00000, 0x0000000100000000)
  region size 1024K, 23 young (23552K), 0 survivors (0K)
 Metaspace       used 6466K, committed 6656K, reserved 1114112K
  class space    used 728K, committed 832K, reserved 1048576K
}
Event: 1.675 GC heap after
{Heap after GC invocations=1 (full 0):
 garbage-first heap   total 126976K, used 7424K [0x0000000084c00000, 0x0000000100000000)
  region size 1024K, 3 young (3072K), 3 survivors (3072K)
 Metaspace       used 6466K, committed 6656K, reserved 1114112K
  class space    used 728K, committed 832K, reserved 1048576K
}
Event: 2.729 GC heap before
{Heap before GC invocations=1 (full 0):
 garbage-first heap   total 126976K, used 33024K [0x0000000084c00000, 0x0000000100000000)
  region size 1024K, 28 young (28672K), 3 survivors (3072K)
 Metaspace       used 12557K, committed 12800K, reserved 1114112K
  class space    used 1637K, committed 1728K, reserved 1048576K
}
Event: 2.742 GC heap after
{Heap after GC invocations=2 (full 0):
 garbage-first heap   total 126976K, used 9821K [0x0000000084c00000, 0x0000000100000000)
  region size 1024K, 2 young (2048K), 2 survivors (2048K)
 Metaspace       used 12557K, committed 12800K, reserved 1114112K
  class space    used 1637K, committed 1728K, reserved 1048576K
}
Event: 4.746 GC heap before
{Heap before GC invocations=2 (full 0):
 garbage-first heap   total 126976K, used 56925K [0x0000000084c00000, 0x0000000100000000)
  region size 1024K, 50 young (51200K), 2 survivors (2048K)
 Metaspace       used 21287K, committed 21504K, reserved 1114112K
  class space    used 2638K, committed 2752K, reserved 1048576K
}
Event: 4.768 GC heap after
{Heap after GC invocations=3 (full 0):
 garbage-first heap   total 126976K, used 13866K [0x0000000084c00000, 0x0000000100000000)
  region size 1024K, 6 young (6144K), 6 survivors (6144K)
 Metaspace       used 21287K, committed 21504K, reserved 1114112K
  class space    used 2638K, committed 2752K, reserved 1048576K
}
Event: 6.013 GC heap before
{Heap before GC invocations=4 (full 0):
 garbage-first heap   total 51200K, used 38442K [0x0000000084c00000, 0x0000000100000000)
  region size 1024K, 30 young (30720K), 6 survivors (6144K)
 Metaspace       used 25231K, committed 25600K, reserved 1114112K
  class space    used 3192K, committed 3392K, reserved 1048576K
}
Event: 6.033 GC heap after
{Heap after GC invocations=5 (full 0):
 garbage-first heap   total 51200K, used 15926K [0x0000000084c00000, 0x0000000100000000)
  region size 1024K, 3 young (3072K), 3 survivors (3072K)
 Metaspace       used 25231K, committed 25600K, reserved 1114112K
  class space    used 3192K, committed 3392K, reserved 1048576K
}
Event: 7.117 GC heap before
{Heap before GC invocations=5 (full 0):
 garbage-first heap   total 51200K, used 35382K [0x0000000084c00000, 0x0000000100000000)
  region size 1024K, 22 young (22528K), 3 survivors (3072K)
 Metaspace       used 29547K, committed 30016K, reserved 1114112K
  class space    used 3767K, committed 3968K, reserved 1048576K
}
Event: 7.135 GC heap after
{Heap after GC invocations=6 (full 0):
 garbage-first heap   total 51200K, used 18104K [0x0000000084c00000, 0x0000000100000000)
  region size 1024K, 3 young (3072K), 3 survivors (3072K)
 Metaspace       used 29547K, committed 30016K, reserved 1114112K
  class space    used 3767K, committed 3968K, reserved 1048576K
}
Event: 8.076 GC heap before
{Heap before GC invocations=6 (full 0):
 garbage-first heap   total 51200K, used 35512K [0x0000000084c00000, 0x0000000100000000)
  region size 1024K, 21 young (21504K), 3 survivors (3072K)
 Metaspace       used 32883K, committed 33472K, reserved 1114112K
  class space    used 4219K, committed 4480K, reserved 1048576K
}
Event: 8.089 GC heap after
{Heap after GC invocations=7 (full 0):
 garbage-first heap   total 51200K, used 19511K [0x0000000084c00000, 0x0000000100000000)
  region size 1024K, 2 young (2048K), 2 survivors (2048K)
 Metaspace       used 32883K, committed 33472K, reserved 1114112K
  class space    used 4219K, committed 4480K, reserved 1048576K
}
Event: 8.797 GC heap before
{Heap before GC invocations=7 (full 0):
 garbage-first heap   total 51200K, used 28727K [0x0000000084c00000, 0x0000000100000000)
  region size 1024K, 12 young (12288K), 2 survivors (2048K)
 Metaspace       used 35508K, committed 35968K, reserved 1114112K
  class space    used 4621K, committed 4864K, reserved 1048576K
}
Event: 8.807 GC heap after
{Heap after GC invocations=8 (full 0):
 garbage-first heap   total 61440K, used 19745K [0x0000000084c00000, 0x0000000100000000)
  region size 1024K, 2 young (2048K), 2 survivors (2048K)
 Metaspace       used 35508K, committed 35968K, reserved 1114112K
  class space    used 4621K, committed 4864K, reserved 1048576K
}
Event: 12.668 GC heap before
{Heap before GC invocations=9 (full 0):
 garbage-first heap   total 61440K, used 46369K [0x0000000084c00000, 0x0000000100000000)
  region size 1024K, 28 young (28672K), 2 survivors (2048K)
 Metaspace       used 42492K, committed 43008K, reserved 1114112K
  class space    used 5568K, committed 5824K, reserved 1048576K
}
Event: 12.681 GC heap after
{Heap after GC invocations=10 (full 0):
 garbage-first heap   total 61440K, used 22191K [0x0000000084c00000, 0x0000000100000000)
  region size 1024K, 4 young (4096K), 4 survivors (4096K)
 Metaspace       used 42492K, committed 43008K, reserved 1114112K
  class space    used 5568K, committed 5824K, reserved 1048576K
}

